<?xml version="1.0" encoding="UTF-8"?>
<testsuite name="Login" tests="3" skipped="0" failures="0" errors="0" timestamp="2024-12-11T09:34:24" hostname="DESKTOP-IDPAKS2" time="14.425">
  <properties/>
  <testcase name="Login with valid email and wrong password #1" classname="Login" time="5.533"/>
  <testcase name="Login with valid email and wrong password #2" classname="Login" time="4.307"/>
  <testcase name="Login with valid email and wrong password #3" classname="Login" time="4.585"/>
  <system-out><![CDATA[
@wrongPassword
Scenario Outline: Login with valid email and wrong password ?[90m# src/test/resources/features/login.feature:26?[0m
  ?[32mGiven ?[0m?[32mUser launches Chrome browser?[0m                        ?[90m# com.ilcarro.stepDefinitions.HomePageSteps.launch_Chrome_browser()?[0m
  ?[32mWhen ?[0m?[32mUser opens ilCarro HomePage?[0m                          ?[90m# com.ilcarro.stepDefinitions.HomePageSteps.open_ilCarro_HomePage()?[0m
  ?[32mAnd ?[0m?[32mUser clicks on Login link?[0m                             ?[90m# com.ilcarro.stepDefinitions.LoginSteps.click_on_Login_link()?[0m
  ?[32mAnd ?[0m?[32mUser enters valid email and wrong password?[0m            ?[90m# com.ilcarro.stepDefinitions.LoginSteps.enter_valid_email_wrong_password(io.cucumber.datatable.DataTable)?[0m
    | email         | password   |
    | manuel@gm.com | Manuel1234 |
  ?[32mAnd ?[0m?[32mUser clicks on Yalla button?[0m                           ?[90m# com.ilcarro.stepDefinitions.LoginSteps.click_on_Yalla_button()?[0m
  ?[32mThen ?[0m?[32mUser verifies Error message is displayed?[0m             ?[90m# com.ilcarro.stepDefinitions.LoginSteps.verify_Error()?[0m
  ?[32mAnd ?[0m?[32mUser quites browser?[0m                                   ?[90m# com.ilcarro.stepDefinitions.HomePageSteps.quite_browser()?[0m

@wrongPassword
Scenario Outline: Login with valid email and wrong password ?[90m# src/test/resources/features/login.feature:27?[0m
  ?[32mGiven ?[0m?[32mUser launches Chrome browser?[0m                        ?[90m# com.ilcarro.stepDefinitions.HomePageSteps.launch_Chrome_browser()?[0m
  ?[32mWhen ?[0m?[32mUser opens ilCarro HomePage?[0m                          ?[90m# com.ilcarro.stepDefinitions.HomePageSteps.open_ilCarro_HomePage()?[0m
  ?[32mAnd ?[0m?[32mUser clicks on Login link?[0m                             ?[90m# com.ilcarro.stepDefinitions.LoginSteps.click_on_Login_link()?[0m
  ?[32mAnd ?[0m?[32mUser enters valid email and wrong password?[0m            ?[90m# com.ilcarro.stepDefinitions.LoginSteps.enter_valid_email_wrong_password(io.cucumber.datatable.DataTable)?[0m
    | email         | password    |
    | manuel@gm.com | mANUEL1234! |
  ?[32mAnd ?[0m?[32mUser clicks on Yalla button?[0m                           ?[90m# com.ilcarro.stepDefinitions.LoginSteps.click_on_Yalla_button()?[0m
  ?[32mThen ?[0m?[32mUser verifies Error message is displayed?[0m             ?[90m# com.ilcarro.stepDefinitions.LoginSteps.verify_Error()?[0m
  ?[32mAnd ?[0m?[32mUser quites browser?[0m                                   ?[90m# com.ilcarro.stepDefinitions.HomePageSteps.quite_browser()?[0m

@wrongPassword
Scenario Outline: Login with valid email and wrong password ?[90m# src/test/resources/features/login.feature:28?[0m
  ?[32mGiven ?[0m?[32mUser launches Chrome browser?[0m                        ?[90m# com.ilcarro.stepDefinitions.HomePageSteps.launch_Chrome_browser()?[0m
  ?[32mWhen ?[0m?[32mUser opens ilCarro HomePage?[0m                          ?[90m# com.ilcarro.stepDefinitions.HomePageSteps.open_ilCarro_HomePage()?[0m
  ?[32mAnd ?[0m?[32mUser clicks on Login link?[0m                             ?[90m# com.ilcarro.stepDefinitions.LoginSteps.click_on_Login_link()?[0m
  ?[32mAnd ?[0m?[32mUser enters valid email and wrong password?[0m            ?[90m# com.ilcarro.stepDefinitions.LoginSteps.enter_valid_email_wrong_password(io.cucumber.datatable.DataTable)?[0m
    | email         | password    |
    | manuel@gm.com | Ð¢Ð°Ñ‚Ð³ÑƒÐ´1234! |
  ?[32mAnd ?[0m?[32mUser clicks on Yalla button?[0m                           ?[90m# com.ilcarro.stepDefinitions.LoginSteps.click_on_Yalla_button()?[0m
  ?[32mThen ?[0m?[32mUser verifies Error message is displayed?[0m             ?[90m# com.ilcarro.stepDefinitions.LoginSteps.verify_Error()?[0m
  ?[32mAnd ?[0m?[32mUser quites browser?[0m                                   ?[90m# com.ilcarro.stepDefinitions.HomePageSteps.quite_browser()?[0m
]]></system-out>
  <system-err><![CDATA[]]></system-err>
</testsuite>
